TN:
SF:src/index.ts
FN:11,init
FNF:1
FNH:1
FNDA:2,init
DA:1,1
DA:2,1
DA:3,1
DA:4,1
DA:5,1
DA:6,1
DA:7,1
DA:8,1
DA:9,1
DA:10,1
DA:11,1
DA:12,2
DA:13,2
DA:14,2
DA:15,2
DA:16,2
DA:17,2
DA:18,2
DA:19,2
DA:20,2
DA:21,2
DA:22,2
DA:23,2
DA:24,2
DA:25,2
DA:26,2
DA:27,2
DA:28,1
DA:29,1
LF:29
LH:29
BRDA:11,0,0,2
BRF:1
BRH:1
end_of_record
TN:
SF:src/controller/UserResolver.ts
FN:12,getUserById
FN:17,getUserByEmail
FN:22,getUsersByRole
FN:27,getUsersByIsActive
FN:33,getAllUsers
FN:39,createUser
FN:111,updateUser
FN:11,Object.<anonymous>.type_graphql_1.Query.nullable
FN:16,Object.<anonymous>.type_graphql_1.Query.nullable
FNF:9
FNH:4
FNDA:0,getUserById
FNDA:0,getUserByEmail
FNDA:0,getUsersByRole
FNDA:0,getUsersByIsActive
FNDA:0,getAllUsers
FNDA:1,createUser
FNDA:1,updateUser
FNDA:2,Object.<anonymous>.type_graphql_1.Query.nullable
FNDA:2,Object.<anonymous>.type_graphql_1.Query.nullable
DA:1,1
DA:2,1
DA:3,1
DA:4,1
DA:5,1
DA:6,1
DA:7,1
DA:8,1
DA:9,1
DA:10,1
DA:11,1
DA:12,1
DA:13,0
DA:14,0
DA:15,1
DA:16,1
DA:17,1
DA:18,0
DA:19,0
DA:20,1
DA:21,1
DA:22,1
DA:23,0
DA:24,0
DA:25,1
DA:26,1
DA:27,1
DA:28,0
DA:29,0
DA:30,0
DA:31,1
DA:32,1
DA:33,1
DA:34,0
DA:35,0
DA:36,0
DA:37,1
DA:38,1
DA:39,1
DA:40,1
DA:41,1
DA:42,1
DA:43,1
DA:44,1
DA:45,1
DA:46,1
DA:47,1
DA:48,1
DA:49,1
DA:50,1
DA:51,1
DA:52,1
DA:53,1
DA:54,1
DA:55,1
DA:56,1
DA:57,1
DA:58,1
DA:59,0
DA:60,0
DA:61,1
DA:62,1
DA:63,0
DA:64,0
DA:65,1
DA:66,1
DA:67,1
DA:68,1
DA:69,1
DA:70,1
DA:71,1
DA:72,1
DA:73,1
DA:74,1
DA:75,1
DA:76,1
DA:77,1
DA:78,1
DA:79,1
DA:80,1
DA:81,1
DA:82,1
DA:83,1
DA:84,1
DA:85,0
DA:86,1
DA:87,1
DA:88,1
DA:89,1
DA:90,1
DA:91,1
DA:92,1
DA:93,1
DA:94,1
DA:95,1
DA:96,1
DA:97,1
DA:98,1
DA:99,1
DA:100,1
DA:101,1
DA:102,1
DA:103,1
DA:104,1
DA:105,1
DA:106,1
DA:107,1
DA:108,1
DA:109,1
DA:110,1
DA:111,1
DA:112,1
DA:113,1
DA:114,1
DA:115,1
DA:116,1
DA:117,1
DA:118,1
DA:119,1
DA:120,1
DA:121,1
DA:122,1
DA:123,1
DA:124,0
DA:125,0
DA:126,1
DA:127,1
DA:128,0
DA:129,0
DA:130,1
DA:131,1
DA:132,1
DA:133,1
DA:134,1
DA:135,1
DA:136,1
DA:137,1
DA:138,1
DA:139,1
DA:140,1
DA:141,1
DA:142,1
DA:143,1
DA:144,1
DA:145,1
DA:146,0
DA:147,0
DA:148,1
DA:149,1
DA:150,1
DA:151,1
DA:152,1
DA:153,1
DA:154,1
DA:155,1
DA:156,1
DA:157,1
DA:158,1
DA:159,1
DA:160,1
DA:161,1
DA:162,1
DA:163,1
DA:164,1
DA:165,1
LF:165
LH:142
BRDA:39,0,0,1
BRDA:58,1,0,0
BRDA:62,2,0,0
BRDA:82,3,0,1
BRDA:84,4,0,0
BRDA:111,5,0,1
BRDA:123,6,0,0
BRDA:127,7,0,0
BRDA:141,8,0,1
BRDA:145,9,0,0
BRDA:11,10,0,2
BRDA:12,11,0,2
BRDA:16,12,0,2
BRDA:17,13,0,2
BRDA:21,14,0,2
BRDA:22,15,0,2
BRDA:26,16,0,2
BRDA:27,17,0,2
BRDA:32,18,0,2
BRDA:38,19,0,2
BRDA:110,20,0,2
BRF:21
BRH:15
end_of_record
TN:
SF:src/database/environment.dev.ts
FNF:0
FNH:0
DA:1,1
DA:2,1
DA:3,1
DA:4,1
DA:5,1
DA:6,1
DA:7,1
DA:8,1
DA:9,1
DA:10,1
DA:11,1
DA:12,1
DA:13,1
DA:14,1
DA:15,1
DA:16,1
DA:17,1
DA:18,1
DA:19,1
DA:20,1
DA:21,1
DA:22,1
DA:23,1
DA:24,1
DA:25,1
DA:26,1
LF:26
LH:26
BRF:0
BRH:0
end_of_record
TN:
SF:src/model/userModel.ts
FNF:0
FNH:0
DA:1,1
DA:2,1
DA:3,1
DA:4,1
DA:5,1
DA:6,1
DA:7,1
DA:8,1
DA:9,1
DA:10,1
DA:11,1
DA:12,1
DA:13,1
DA:14,1
DA:15,1
DA:16,1
DA:17,1
DA:18,1
DA:19,1
DA:20,1
DA:21,1
DA:22,1
DA:23,1
DA:24,1
DA:25,1
DA:26,1
DA:27,1
DA:28,1
DA:29,1
DA:30,1
DA:31,1
DA:32,1
DA:33,1
DA:34,1
LF:34
LH:34
BRF:0
BRH:0
end_of_record
TN:
SF:src/model/graphql/User.ts
FN:6,User
FN:22,Object.<anonymous>.type_graphql_1.Field.nullable
FN:41,Object.<anonymous>.type_graphql_1.Field.nullable
FNF:3
FNH:3
FNDA:2,User
FNDA:2,Object.<anonymous>.type_graphql_1.Field.nullable
FNDA:2,Object.<anonymous>.type_graphql_1.Field.nullable
DA:1,1
DA:2,1
DA:3,1
DA:4,1
DA:5,1
DA:6,2
DA:7,2
DA:8,2
DA:9,2
DA:10,2
DA:11,2
DA:12,2
DA:13,2
DA:14,2
DA:15,2
DA:16,2
DA:17,2
DA:18,2
DA:19,2
DA:20,2
DA:21,2
DA:22,2
DA:23,2
DA:24,2
DA:25,2
DA:26,2
DA:27,2
DA:28,2
DA:29,2
DA:30,2
DA:31,2
DA:32,2
DA:33,2
DA:34,2
DA:35,2
DA:36,2
DA:37,2
DA:38,2
DA:39,2
DA:40,2
DA:41,2
DA:42,2
DA:43,2
LF:43
LH:43
BRDA:6,0,0,2
BRDA:9,1,0,2
BRDA:12,2,0,2
BRDA:16,3,0,2
BRDA:22,4,0,2
BRDA:26,5,0,2
BRDA:29,6,0,2
BRDA:32,7,0,2
BRDA:35,8,0,2
BRDA:38,9,0,2
BRDA:41,10,0,2
BRF:11
BRH:11
end_of_record
