TN:
SF:src/index.ts
FN:11,init
FNF:1
FNH:1
FNDA:2,init
DA:1,1
DA:2,1
DA:3,1
DA:4,1
DA:5,1
DA:6,1
DA:7,1
DA:8,1
DA:9,1
DA:10,1
DA:11,1
DA:12,2
DA:13,2
DA:14,2
DA:15,2
DA:16,2
DA:17,2
DA:18,2
DA:19,2
DA:20,2
DA:21,2
DA:22,2
DA:23,2
DA:24,2
DA:25,2
DA:26,2
DA:27,2
DA:28,2
DA:29,1
DA:30,1
LF:30
LH:30
BRDA:11,0,0,2
BRF:1
BRH:1
end_of_record
TN:
SF:src/controller/UserResolver.ts
FN:13,getUserById
FN:18,getUserByEmail
FN:23,getUsersByRole
FN:28,getUsersByIsActive
FN:34,getAllUsers
FN:40,createUser
FN:112,updateUser
FN:167,deleteUser
FN:12,Object.<anonymous>.type_graphql_1.Query.nullable
FN:17,Object.<anonymous>.type_graphql_1.Query.nullable
FNF:10
FNH:7
FNDA:1,getUserById
FNDA:0,getUserByEmail
FNDA:0,getUsersByRole
FNDA:0,getUsersByIsActive
FNDA:2,getAllUsers
FNDA:4,createUser
FNDA:1,updateUser
FNDA:1,deleteUser
FNDA:2,Object.<anonymous>.type_graphql_1.Query.nullable
FNDA:2,Object.<anonymous>.type_graphql_1.Query.nullable
DA:1,1
DA:2,1
DA:3,1
DA:4,1
DA:5,1
DA:6,1
DA:7,1
DA:8,1
DA:9,1
DA:10,1
DA:11,1
DA:12,1
DA:13,1
DA:14,1
DA:15,1
DA:16,1
DA:17,1
DA:18,1
DA:19,0
DA:20,0
DA:21,1
DA:22,1
DA:23,1
DA:24,0
DA:25,0
DA:26,1
DA:27,1
DA:28,1
DA:29,0
DA:30,0
DA:31,0
DA:32,1
DA:33,1
DA:34,1
DA:35,2
DA:36,2
DA:37,2
DA:38,1
DA:39,1
DA:40,1
DA:41,4
DA:42,4
DA:43,4
DA:44,4
DA:45,4
DA:46,4
DA:47,4
DA:48,4
DA:49,4
DA:50,4
DA:51,4
DA:52,4
DA:53,4
DA:54,4
DA:55,4
DA:56,4
DA:57,4
DA:58,4
DA:59,4
DA:60,0
DA:61,0
DA:62,4
DA:63,4
DA:64,0
DA:65,0
DA:66,4
DA:67,4
DA:68,4
DA:69,4
DA:70,4
DA:71,4
DA:72,4
DA:73,4
DA:74,4
DA:75,4
DA:76,4
DA:77,4
DA:78,4
DA:79,4
DA:80,4
DA:81,4
DA:82,4
DA:83,4
DA:84,4
DA:85,4
DA:86,0
DA:87,4
DA:88,4
DA:89,4
DA:90,4
DA:91,4
DA:92,4
DA:93,4
DA:94,4
DA:95,4
DA:96,4
DA:97,4
DA:98,4
DA:99,4
DA:100,4
DA:101,4
DA:102,4
DA:103,4
DA:104,4
DA:105,4
DA:106,4
DA:107,4
DA:108,4
DA:109,4
DA:110,1
DA:111,1
DA:112,1
DA:113,1
DA:114,1
DA:115,1
DA:116,1
DA:117,1
DA:118,1
DA:119,1
DA:120,1
DA:121,1
DA:122,1
DA:123,1
DA:124,1
DA:125,0
DA:126,0
DA:127,1
DA:128,1
DA:129,0
DA:130,0
DA:131,1
DA:132,1
DA:133,1
DA:134,1
DA:135,1
DA:136,1
DA:137,1
DA:138,1
DA:139,1
DA:140,1
DA:141,1
DA:142,1
DA:143,1
DA:144,1
DA:145,1
DA:146,1
DA:147,0
DA:148,0
DA:149,1
DA:150,1
DA:151,1
DA:152,1
DA:153,1
DA:154,1
DA:155,1
DA:156,1
DA:157,1
DA:158,1
DA:159,1
DA:160,1
DA:161,1
DA:162,1
DA:163,1
DA:164,1
DA:165,1
DA:166,1
DA:167,1
DA:168,1
DA:169,1
DA:170,1
DA:171,1
DA:172,1
DA:173,1
DA:174,1
DA:175,1
LF:175
LH:157
BRDA:13,0,0,1
BRDA:34,1,0,2
BRDA:40,2,0,4
BRDA:59,3,0,0
BRDA:63,4,0,0
BRDA:83,5,0,4
BRDA:85,6,0,0
BRDA:112,7,0,1
BRDA:124,8,0,0
BRDA:128,9,0,0
BRDA:142,10,0,1
BRDA:146,11,0,0
BRDA:167,12,0,1
BRDA:12,13,0,2
BRDA:13,14,0,4
BRDA:17,15,0,2
BRDA:18,16,0,2
BRDA:22,17,0,2
BRDA:23,18,0,2
BRDA:27,19,0,2
BRDA:28,20,0,2
BRDA:33,21,0,2
BRDA:39,22,0,2
BRDA:111,23,0,2
BRDA:166,24,0,2
BRF:25
BRH:19
end_of_record
TN:
SF:src/database/environment.dev.ts
FNF:0
FNH:0
DA:1,1
DA:2,1
DA:3,1
DA:4,1
DA:5,1
DA:6,1
DA:7,1
DA:8,1
DA:9,1
DA:10,1
DA:11,1
DA:12,1
DA:13,1
DA:14,1
DA:15,1
DA:16,1
DA:17,1
DA:18,1
DA:19,1
DA:20,1
DA:21,1
DA:22,1
DA:23,1
DA:24,1
DA:25,1
DA:26,1
DA:27,1
DA:28,1
DA:29,1
DA:30,1
LF:30
LH:30
BRF:0
BRH:0
end_of_record
TN:
SF:src/model/userModel.ts
FNF:0
FNH:0
DA:1,1
DA:2,1
DA:3,1
DA:4,1
DA:5,1
DA:6,1
DA:7,1
DA:8,1
DA:9,1
DA:10,1
DA:11,1
DA:12,1
DA:13,1
DA:14,1
DA:15,1
DA:16,1
DA:17,1
DA:18,1
DA:19,1
DA:20,1
DA:21,1
DA:22,1
DA:23,1
DA:24,1
DA:25,1
DA:26,1
DA:27,1
DA:28,1
DA:29,1
DA:30,1
DA:31,1
DA:32,1
DA:33,1
DA:34,1
LF:34
LH:34
BRF:0
BRH:0
end_of_record
TN:
SF:src/model/graphql/User.ts
FN:6,User
FN:22,Object.<anonymous>.type_graphql_1.Field.nullable
FN:41,Object.<anonymous>.type_graphql_1.Field.nullable
FNF:3
FNH:3
FNDA:5,User
FNDA:2,Object.<anonymous>.type_graphql_1.Field.nullable
FNDA:2,Object.<anonymous>.type_graphql_1.Field.nullable
DA:1,1
DA:2,1
DA:3,1
DA:4,1
DA:5,1
DA:6,5
DA:7,5
DA:8,5
DA:9,5
DA:10,5
DA:11,5
DA:12,5
DA:13,5
DA:14,5
DA:15,5
DA:16,5
DA:17,5
DA:18,5
DA:19,5
DA:20,5
DA:21,5
DA:22,5
DA:23,5
DA:24,5
DA:25,5
DA:26,5
DA:27,5
DA:28,5
DA:29,5
DA:30,5
DA:31,5
DA:32,5
DA:33,5
DA:34,5
DA:35,5
DA:36,5
DA:37,5
DA:38,5
DA:39,5
DA:40,5
DA:41,5
DA:42,5
DA:43,5
LF:43
LH:43
BRDA:6,0,0,5
BRDA:9,1,0,2
BRDA:12,2,0,2
BRDA:16,3,0,2
BRDA:22,4,0,2
BRDA:26,5,0,2
BRDA:29,6,0,2
BRDA:32,7,0,2
BRDA:35,8,0,2
BRDA:38,9,0,2
BRDA:41,10,0,2
BRF:11
BRH:11
end_of_record
